<?xml version="1.0" encoding="UTF-8"?>
<testng-results skipped="0" failed="0" ignored="0" total="1" passed="1">
  <reporter-output>
  </reporter-output>
  <suite name="Regression Suite" duration-ms="3796" started-at="2018-05-26T19:54:51Z" finished-at="2018-05-26T19:54:55Z">
    <groups>
    </groups>
    <test name="RestAssured Test" duration-ms="3796" started-at="2018-05-26T19:54:51Z" finished-at="2018-05-26T19:54:55Z">
      <class name="com.twitterapi.automation.tweets.GetTweetTimelineTest">
        <test-method status="PASS" signature="setup()[pri:0, instance:com.twitterapi.automation.tweets.GetTweetTimelineTest@30c7da1e]" name="setup" is-config="true" duration-ms="663" started-at="2018-05-26T19:54:51Z" finished-at="2018-05-26T19:54:52Z">
          <reporter-output>
          </reporter-output>
        </test-method> <!-- setup -->
        <test-method status="PASS" signature="readTweets()[pri:0, instance:com.twitterapi.automation.tweets.GetTweetTimelineTest@30c7da1e]" name="readTweets" duration-ms="3108" started-at="2018-05-26T19:54:52Z" finished-at="2018-05-26T19:54:55Z">
          <reporter-output>
          </reporter-output>
        </test-method> <!-- readTweets -->
      </class> <!-- com.twitterapi.automation.tweets.GetTweetTimelineTest -->
    </test> <!-- RestAssured Test -->
  </suite> <!-- Regression Suite -->
</testng-results>
