<?xml version="1.0" encoding="UTF-8"?>
<testng-results skipped="0" failed="0" ignored="0" total="1" passed="1">
  <reporter-output>
  </reporter-output>
  <suite name="Regression Suite" duration-ms="5394" started-at="2018-05-26T19:22:20Z" finished-at="2018-05-26T19:22:25Z">
    <groups>
    </groups>
    <test name="RestAssured Test" duration-ms="5394" started-at="2018-05-26T19:22:20Z" finished-at="2018-05-26T19:22:25Z">
      <class name="com.twitterapi.automation.tweets.GetTweetTimeline">
        <test-method status="PASS" signature="setup()[pri:0, instance:com.twitterapi.automation.tweets.GetTweetTimeline@5622fdf]" name="setup" is-config="true" duration-ms="1046" started-at="2018-05-26T19:22:20Z" finished-at="2018-05-26T19:22:21Z">
          <reporter-output>
          </reporter-output>
        </test-method> <!-- setup -->
        <test-method status="PASS" signature="readTweets()[pri:0, instance:com.twitterapi.automation.tweets.GetTweetTimeline@5622fdf]" name="readTweets" duration-ms="4297" started-at="2018-05-26T19:22:21Z" finished-at="2018-05-26T19:22:25Z">
          <reporter-output>
          </reporter-output>
        </test-method> <!-- readTweets -->
      </class> <!-- com.twitterapi.automation.tweets.GetTweetTimeline -->
    </test> <!-- RestAssured Test -->
  </suite> <!-- Regression Suite -->
</testng-results>
