<?xml version="1.0" encoding="UTF-8"?>
<testsuite xmlns:xsi="http://www.w3.org/2001/XMLSchema-instance" xsi:noNamespaceSchemaLocation="https://maven.apache.org/surefire/maven-failsafe-plugin/xsd/failsafe-test-report.xsd" name="com.twitterapi.automation.TestRunner" time="9.918" tests="13" errors="0" skipped="13" failures="0">
  <properties>
[...]
</properties>
  <testcase name="Test twitter status update" classname="test" time="0">
    <skipped message="The step &quot;user deletes existing status&quot; is undefined"/>
    <system-out><![CDATA[Feature: test

  Background: There should be no status &amp#27;[90m# src/test/java/com/twitterapi/automation/features/UpdateStatus.feature:3&amp#27;[0m
    &amp#27;[33mGiven &amp#27;[0m&amp#27;[33muser deletes existing status&amp#27;[0m  &amp#27;[90m# null&amp#27;[0m

  @run
  Scenario: Test twitter status update                               &amp#27;[90m# src/test/java/com/twitterapi/automation/features/UpdateStatus.feature:7&amp#27;[0m
    &amp#27;[33mGiven &amp#27;[0m&amp#27;[33mthere already exists a tweet with a status "Feeling good."&amp#27;[0m &amp#27;[90m# null&amp#27;[0m
    &amp#27;[33mAnd &amp#27;[0m&amp#27;[33muser wants update status with "Blessed be my India"&amp#27;[0m          &amp#27;[90m# null&amp#27;[0m
    &amp#27;[33mAnd &amp#27;[0m&amp#27;[33mwants to reply to status with text "Feeling good"&amp#27;[0m            &amp#27;[90m# null&amp#27;[0m
    &amp#27;[33mAnd &amp#27;[0m&amp#27;[33mwants to attach a link&amp#27;[0m                                       &amp#27;[90m# null&amp#27;[0m
    &amp#27;[33mAnd &amp#27;[0m&amp#27;[33mcontent "is not" sensitive&amp#27;[0m                                   &amp#27;[90m# null&amp#27;[0m
    &amp#27;[33mAnd &amp#27;[0m&amp#27;[33mgeographical location is of "Pune"&amp#27;[0m                           &amp#27;[90m# null&amp#27;[0m
    &amp#27;[33mWhen &amp#27;[0m&amp#27;[33muser posts the status&amp#27;[0m                                       &amp#27;[90m# null&amp#27;[0m
    &amp#27;[33mThen &amp#27;[0m&amp#27;[33mstatus should have expected text&amp#27;[0m                            &amp#27;[90m# null&amp#27;[0m
    &amp#27;[33mAnd &amp#27;[0m&amp#27;[33mstatus should be replied to former status&amp#27;[0m                    &amp#27;[90m# null&amp#27;[0m
    &amp#27;[33mAnd &amp#27;[0m&amp#27;[33mstatus should have expected attachment&amp#27;[0m                       &amp#27;[90m# null&amp#27;[0m
    &amp#27;[33mAnd &amp#27;[0m&amp#27;[33mcontent should not be sensitive&amp#27;[0m                              &amp#27;[90m# null&amp#27;[0m
    &amp#27;[33mAnd &amp#27;[0m&amp#27;[33mshould have location "Pune"&amp#27;[0m                                  &amp#27;[90m# null&amp#27;[0m
]]></system-out>
    <system-err><![CDATA[SLF4J: Failed to load class "org.slf4j.impl.StaticLoggerBinder".
SLF4J: Defaulting to no-operation (NOP) logger implementation
SLF4J: See http://www.slf4j.org/codes.html#StaticLoggerBinder for further details.
]]></system-err>
  </testcase>
  <testcase name="Test twitter status update" classname="test" time="0">
    <skipped message="The step &quot;there already exists a tweet with a status &quot;Feeling good.&quot;&quot; is undefined"/>
  </testcase>
  <testcase name="Test twitter status update" classname="test" time="0">
    <skipped message="The step &quot;user wants update status with &quot;Blessed be my India&quot;&quot; is undefined"/>
  </testcase>
  <testcase name="Test twitter status update" classname="test" time="0">
    <skipped message="The step &quot;wants to reply to status with text &quot;Feeling good&quot;&quot; is undefined"/>
  </testcase>
  <testcase name="Test twitter status update" classname="test" time="0">
    <skipped message="The step &quot;wants to attach a link&quot; is undefined"/>
  </testcase>
  <testcase name="Test twitter status update" classname="test" time="0">
    <skipped message="The step &quot;content &quot;is not&quot; sensitive&quot; is undefined"/>
  </testcase>
  <testcase name="Test twitter status update" classname="test" time="0">
    <skipped message="The step &quot;geographical location is of &quot;Pune&quot;&quot; is undefined"/>
  </testcase>
  <testcase name="Test twitter status update" classname="test" time="0">
    <skipped message="The step &quot;user posts the status&quot; is undefined"/>
  </testcase>
  <testcase name="Test twitter status update" classname="test" time="0">
    <skipped message="The step &quot;status should have expected text&quot; is undefined"/>
  </testcase>
  <testcase name="Test twitter status update" classname="test" time="0">
    <skipped message="The step &quot;status should be replied to former status&quot; is undefined"/>
  </testcase>
  <testcase name="Test twitter status update" classname="test" time="0">
    <skipped message="The step &quot;status should have expected attachment&quot; is undefined"/>
  </testcase>
  <testcase name="Test twitter status update" classname="test" time="0">
    <skipped message="The step &quot;content should not be sensitive&quot; is undefined"/>
  </testcase>
  <testcase name="Test twitter status update" classname="test" time="0">
    <skipped message="The step &quot;should have location &quot;Pune&quot;&quot; is undefined"/>
  </testcase>
</testsuite>